;  LST file generated by mikroListExporter - v.2.0 
; Date/Time: 06/05/2016 13:23:48
;----------------------------------------------

;Address Opcode 	ASM
____SysVT:
0x9FC01180	0x0B400038  J	___GenExcept
0x9FC01184	0x70000000  NOP	
; end of ____SysVT
____BootVT:
0xBFC00380	0x3C1E9D00  LUI	R30, 40192
0xBFC00384	0x37DE00F8  ORI	R30, R30, 248
0xBFC00388	0x03C00008  JR	R30
0xBFC0038C	0x70000000  NOP	
; end of ____BootVT
_main:
;MontionDetector.c, 16 :: 		void main()
;MontionDetector.c, 19 :: 		ANSELB = 0;                   // set PORTB to digital
0x9D000110	0x3C1EBF88  LUI	R30, 49032
0x9D000114	0xAFC06100  SW	R0, 24832(R30)
;MontionDetector.c, 20 :: 		ANSELD = 0;                   // set PORTD to digital
0x9D000118	0x3C1EBF88  LUI	R30, 49032
0x9D00011C	0xAFC06300  SW	R0, 25344(R30)
;MontionDetector.c, 21 :: 		LED1_dir = 0;                 // set LED1 and 2 to output
0x9D000120	0x34020002  ORI	R2, R0, 0x0002
0x9D000124	0x3C1EBF88  LUI	R30, 49032
0x9D000128	0xA3C26114  SB	R2, 24852(R30)
;MontionDetector.c, 22 :: 		LED2_dir = 0;
0x9D00012C	0x34020004  ORI	R2, R0, 0x0004
0x9D000130	0x3C1EBF88  LUI	R30, 49032
0x9D000134	0xA3C26114  SB	R2, 24852(R30)
;MontionDetector.c, 23 :: 		toggleBtn_dir = 1;            // Set Button (T2) to input
0x9D000138	0x34020001  ORI	R2, R0, 0x0001
0x9D00013C	0x3C1EBF88  LUI	R30, 49032
0x9D000140	0xA3C26118  SB	R2, 24856(R30)
;MontionDetector.c, 24 :: 		motionOut_dir = 1;            // Set motion detection input pin to input
0x9D000144	0x34020001  ORI	R2, R0, 0x0001
0x9D000148	0x3C1EBF88  LUI	R30, 49032
0x9D00014C	0xA3C26318  SB	R2, 25368(R30)
;MontionDetector.c, 25 :: 		motionEnable_dir = 0;         // set motion detection enable pin to output
0x9D000150	0x34020040  ORI	R2, R0, 0x0040
0x9D000154	0x3C1EBF88  LUI	R30, 49032
0x9D000158	0xA3C26314  SB	R2, 25364(R30)
;MontionDetector.c, 29 :: 		LED1 = 0;
0x9D00015C	0x34020002  ORI	R2, R0, 0x0002
0x9D000160	0x3C1EBF88  LUI	R30, 49032
0x9D000164	0xA3C26134  SB	R2, 24884(R30)
;MontionDetector.c, 30 :: 		LED2 = 0;
0x9D000168	0x34020004  ORI	R2, R0, 0x0004
0x9D00016C	0x3C1EBF88  LUI	R30, 49032
0x9D000170	0xA3C26134  SB	R2, 24884(R30)
;MontionDetector.c, 32 :: 		motionEnable = 0;             // disable motion detection
0x9D000174	0x34020040  ORI	R2, R0, 0x0040
0x9D000178	0x3C1EBF88  LUI	R30, 49032
0x9D00017C	0xA3C26334  SB	R2, 25396(R30)
;MontionDetector.c, 33 :: 		toggleBtn_Oldstate = 0;           // default Button state to unpressed
0x9D000180	0xA0208000  SB	R0, Offset(_toggleBtn_Oldstate+0)(GP)
;MontionDetector.c, 35 :: 		while(1)
L_main0:
;MontionDetector.c, 38 :: 		if (Button(&PORTB, 0, 1, 1)) {
0x9D000184	0x341C0001  ORI	R28, R0, 1
0x9D000188	0x341B0001  ORI	R27, R0, 1
0x9D00018C	0x0000D00A  MOVZ	R26, R0, R0
0x9D000190	0x3C19BF88  LUI	R25, hi_addr(PORTB+0)
0x9D000194	0x0F400010  JAL	_Button+0
0x9D000198	0x37396120  ORI	R25, R25, lo_addr(PORTB+0)
0x9D00019C	0x10400003  BEQ	R2, R0, L_main2
0x9D0001A0	0x70000000  NOP	
L__main20:
;MontionDetector.c, 39 :: 		toggleBtn_Oldstate = 1;
0x9D0001A4	0x34020001  ORI	R2, R0, 1
0x9D0001A8	0xA0228000  SB	R2, Offset(_toggleBtn_Oldstate+0)(GP)
;MontionDetector.c, 40 :: 		}
L_main2:
;MontionDetector.c, 41 :: 		if (toggleBtn_Oldstate && Button(&PORTB, 0, 1, 0)) { // detect a 1 to 0 transition
0x9D0001AC	0x90228000  LBU	R2, Offset(_toggleBtn_Oldstate+0)(GP)
0x9D0001B0	0x10400013  BEQ	R2, R0, L__main15
0x9D0001B4	0x70000000  NOP	
L__main22:
0x9D0001B8	0x0000E00A  MOVZ	R28, R0, R0
0x9D0001BC	0x341B0001  ORI	R27, R0, 1
0x9D0001C0	0x0000D00A  MOVZ	R26, R0, R0
0x9D0001C4	0x3C19BF88  LUI	R25, hi_addr(PORTB+0)
0x9D0001C8	0x0F400010  JAL	_Button+0
0x9D0001CC	0x37396120  ORI	R25, R25, lo_addr(PORTB+0)
0x9D0001D0	0x1040000B  BEQ	R2, R0, L__main14
0x9D0001D4	0x70000000  NOP	
L__main24:
L__main13:
;MontionDetector.c, 42 :: 		toggleBtn_Oldstate = 0;
0x9D0001D8	0xA0208000  SB	R0, Offset(_toggleBtn_Oldstate+0)(GP)
;MontionDetector.c, 43 :: 		motionEnable = ~motionEnable;
0x9D0001DC	0x3C1EBF88  LUI	R30, 49032
0x9D0001E0	0x83C26330  LB	R2, 25392(R30)
0x9D0001E4	0x7C420180  EXT	R2, R2, 6, 1
0x9D0001E8	0x38430001  XORI	R3, R2, 1
0x9D0001EC	0x3C1EBF88  LUI	R30, 49032
0x9D0001F0	0x83C26330  LB	R2, 25392(R30)
0x9D0001F4	0x7C623184  INS	R2, R3, 6, 1
0x9D0001F8	0x3C1EBF88  LUI	R30, 49032
0x9D0001FC	0xA3C26330  SB	R2, 25392(R30)
;MontionDetector.c, 41 :: 		if (toggleBtn_Oldstate && Button(&PORTB, 0, 1, 0)) { // detect a 1 to 0 transition
L__main15:
L__main14:
;MontionDetector.c, 49 :: 		if (motionEnable) LED1 = 1;// when enabled, turn on LED1
0x9D000200	0x3C1EBF88  LUI	R30, 49032
0x9D000204	0x83C26330  LB	R2, 25392(R30)
0x9D000208	0x7C420180  EXT	R2, R2, 6, 1
0x9D00020C	0x10400005  BEQ	R2, R0, L_main6
0x9D000210	0x70000000  NOP	
L__main26:
0x9D000214	0x34020002  ORI	R2, R0, 0x0002
0x9D000218	0x3C1EBF88  LUI	R30, 49032
0x9D00021C	0x0B40008C  J	L_main7
0x9D000220	0xA3C26138  SB	R2, 24888(R30)
L_main6:
;MontionDetector.c, 50 :: 		else LED1 = 0;
0x9D000224	0x34020002  ORI	R2, R0, 0x0002
0x9D000228	0x3C1EBF88  LUI	R30, 49032
0x9D00022C	0xA3C26134  SB	R2, 24884(R30)
L_main7:
;MontionDetector.c, 52 :: 		if(motionEnable && motionOut) LED2 = 1;  // read RD0, the motion click sets this to 1 when motion is detected
0x9D000230	0x3C1EBF88  LUI	R30, 49032
0x9D000234	0x83C26330  LB	R2, 25392(R30)
0x9D000238	0x7C420180  EXT	R2, R2, 6, 1
0x9D00023C	0x1040000A  BEQ	R2, R0, L__main17
0x9D000240	0x70000000  NOP	
L__main28:
0x9D000244	0x3C1EBF88  LUI	R30, 49032
0x9D000248	0x83C26320  LB	R2, 25376(R30)
0x9D00024C	0x7C420000  EXT	R2, R2, 0, 1
0x9D000250	0x10400005  BEQ	R2, R0, L__main16
0x9D000254	0x70000000  NOP	
L__main30:
L__main12:
0x9D000258	0x34020004  ORI	R2, R0, 0x0004
0x9D00025C	0x3C1EBF88  LUI	R30, 49032
0x9D000260	0x0B40009D  J	L_main11
0x9D000264	0xA3C26138  SB	R2, 24888(R30)
L__main17:
L__main16:
;MontionDetector.c, 53 :: 		else LED2 = 0;
0x9D000268	0x34020004  ORI	R2, R0, 0x0004
0x9D00026C	0x3C1EBF88  LUI	R30, 49032
0x9D000270	0xA3C26134  SB	R2, 24884(R30)
L_main11:
;MontionDetector.c, 54 :: 		}
0x9D000274	0x0B400061  J	L_main0
0x9D000278	0x70000000  NOP	
;MontionDetector.c, 56 :: 		}
L_end_main:
L__main_end_loop:
0x9D00027C	0x0B40009F  J	L__main_end_loop
0x9D000280	0x70000000  NOP	
; end of _main
_Button:
;__Lib_Button.c, 6 :: 		
0x9D000040	0x27BDFFF8  ADDIU	SP, SP, -8
0x9D000044	0xAFBF0000  SW	RA, 0(SP)
;__Lib_Button.c, 8 :: 		
0x9D000048	0x0000F00A  MOVZ	R30, R0, R0
0x9D00004C	0xA7BE0004  SH	R30, 4(SP)
;__Lib_Button.c, 11 :: 		
0x9D000050	0x3343FFFF  ANDI	R3, R26, 65535
0x9D000054	0x34020001  ORI	R2, R0, 1
0x9D000058	0x00621804  SLLV	R3, R2, R3
; pMask start address is: 16 (R4)
0x9D00005C	0x7C032620  SEH	R4, R3
;__Lib_Button.c, 13 :: 		
0x9D000060	0x97220000  LHU	R2, 0(R25)
0x9D000064	0x00431024  AND	R2, R2, R3
0x9D000068	0x2C420001  SLTIU	R2, R2, 1
0x9D00006C	0x304200FF  ANDI	R2, R2, 255
0x9D000070	0x005C1026  XOR	R2, R2, R28
0x9D000074	0x10400016  BEQ	R2, R0, L_Button0
0x9D000078	0x70000000  NOP	
L__Button7:
; pMask end address is: 16 (R4)
0x9D00007C	0x3083FFFF  ANDI	R3, R4, 65535
;__Lib_Button.c, 15 :: 		
L_Button1:
; pMask start address is: 12 (R3)
0x9D000080	0x3362FFFF  ANDI	R2, R27, 65535
0x9D000084	0x2C420001  SLTIU	R2, R2, 1
0x9D000088	0x14400008  BNE	R2, R0, L_Button2
0x9D00008C	0x70000000  NOP	
L__Button8:
;__Lib_Button.c, 16 :: 		
0x9D000090	0x0F400000  JAL	_Delay_500us+0
0x9D000094	0x70000000  NOP	
;__Lib_Button.c, 17 :: 		
0x9D000098	0x0F400000  JAL	_Delay_500us+0
0x9D00009C	0x70000000  NOP	
;__Lib_Button.c, 18 :: 		
0x9D0000A0	0x2762FFFF  ADDIU	R2, R27, -1
;__Lib_Button.c, 19 :: 		
0x9D0000A4	0x0B400020  J	L_Button1
0x9D0000A8	0x305BFFFF  ANDI	R27, R2, 65535
L_Button2:
;__Lib_Button.c, 21 :: 		
0x9D0000AC	0x97220000  LHU	R2, 0(R25)
0x9D0000B0	0x00431024  AND	R2, R2, R3
; pMask end address is: 12 (R3)
0x9D0000B4	0x2C420001  SLTIU	R2, R2, 1
0x9D0000B8	0x304200FF  ANDI	R2, R2, 255
0x9D0000BC	0x005C1026  XOR	R2, R2, R28
0x9D0000C0	0x10400003  BEQ	R2, R0, L_Button3
0x9D0000C4	0x70000000  NOP	
L__Button11:
;__Lib_Button.c, 22 :: 		
0x9D0000C8	0x340200FF  ORI	R2, R0, 255
0x9D0000CC	0xA7A20004  SH	R2, 4(SP)
L_Button3:
;__Lib_Button.c, 23 :: 		
L_Button0:
;__Lib_Button.c, 25 :: 		
0x9D0000D0	0x97A20004  LHU	R2, 4(SP)
;__Lib_Button.c, 26 :: 		
L_end_Button:
0x9D0000D4	0x8FBF0000  LW	RA, 0(SP)
0x9D0000D8	0x03E00008  JR	RA
0x9D0000DC	0x27BD0008  ADDIU	SP, SP, 8
; end of _Button
_Delay_500us:
;__Lib_Delays.c, 26 :: 		void Delay_500us() {
;__Lib_Delays.c, 27 :: 		Delay_us(498);
0x9D000000	0x3C180000  LUI	R24, 0
0x9D000004	0x371833DF  ORI	R24, R24, 13279
L_Delay_500us10:
0x9D000008	0x2718FFFF  ADDIU	R24, R24, -1
0x9D00000C	0x1700FFFE  BNE	R24, R0, L_Delay_500us10
0x9D000010	0x70000000  NOP	
0x9D000014	0x70000000  NOP	
;__Lib_Delays.c, 28 :: 		}
L_end_Delay_500us:
0x9D000018	0x03E00008  JR	RA
0x9D00001C	0x70000000  NOP	
; end of _Delay_500us
___CC2DW:
;__Lib_System.c, 4 :: 		
0x9D000020	0x27BDFFFC  ADDIU	SP, SP, -4
;__Lib_System.c, 6 :: 		
L_loopDW:
;__Lib_System.c, 7 :: 		
0x9D000024	0x831E0000  LB	R30, 0(R24)
;__Lib_System.c, 8 :: 		
0x9D000028	0xA2FE0000  SB	R30, 0(R23)
;__Lib_System.c, 9 :: 		
0x9D00002C	0x26F70001  ADDIU	R23, R23, 1
;__Lib_System.c, 10 :: 		
0x9D000030	0x16F6FFFC  BNE	R23, R22, L_loopDW
;__Lib_System.c, 11 :: 		
0x9D000034	0x27180001  ADDIU	R24, R24, 1
;__Lib_System.c, 13 :: 		
L_end___CC2DW:
0x9D000038	0x03E00008  JR	RA
0x9D00003C	0x27BD0004  ADDIU	SP, SP, 4
; end of ___CC2DW
___BootStartUp:
;__Lib_System.c, 68 :: 		
0xBFC00000	0x27BDFFFC  ADDIU	SP, SP, -4
;__Lib_System.c, 72 :: 		
0xBFC00004	0x70000000  NOP	
;__Lib_System.c, 73 :: 		
0xBFC00008	0x70000000  NOP	
;__Lib_System.c, 74 :: 		
0xBFC0000C	0x70000000  NOP	
;__Lib_System.c, 75 :: 		
0xBFC00010	0x70000000  NOP	
;__Lib_System.c, 76 :: 		
0xBFC00014	0x70000000  NOP	
;__Lib_System.c, 77 :: 		
0xBFC00018	0x70000000  NOP	
;__Lib_System.c, 78 :: 		
0xBFC0001C	0x70000000  NOP	
;__Lib_System.c, 79 :: 		
0xBFC00020	0x70000000  NOP	
;__Lib_System.c, 80 :: 		
0xBFC00024	0x70000000  NOP	
;__Lib_System.c, 81 :: 		
0xBFC00028	0x70000000  NOP	
;__Lib_System.c, 82 :: 		
0xBFC0002C	0x70000000  NOP	
;__Lib_System.c, 83 :: 		
0xBFC00030	0x70000000  NOP	
;__Lib_System.c, 84 :: 		
0xBFC00034	0x70000000  NOP	
;__Lib_System.c, 85 :: 		
0xBFC00038	0x70000000  NOP	
;__Lib_System.c, 86 :: 		
0xBFC0003C	0x70000000  NOP	
;__Lib_System.c, 87 :: 		
0xBFC00040	0x70000000  NOP	
;__Lib_System.c, 88 :: 		
0xBFC00044	0x70000000  NOP	
;__Lib_System.c, 89 :: 		
0xBFC00048	0x70000000  NOP	
;__Lib_System.c, 90 :: 		
0xBFC0004C	0x70000000  NOP	
;__Lib_System.c, 91 :: 		
0xBFC00050	0x70000000  NOP	
;__Lib_System.c, 94 :: 		
0xBFC00054	0x3C1DA001  LUI	SP, 40961
0xBFC00058	0x37BDFFFC  ORI	SP, SP, 65532
;__Lib_System.c, 95 :: 		
0xBFC0005C	0x3C01A000  LUI	GP, 40960
0xBFC00060	0x34218000  ORI	GP, GP, 32768
;__Lib_System.c, 99 :: 		
0xBFC00064	0x401E6002  MFC0	R30, 12, 2
;__Lib_System.c, 100 :: 		
0xBFC00068	0x03C0E00A  MOVZ	R28, R30, R0
;__Lib_System.c, 101 :: 		
0xBFC0006C	0x7FDB1E80  EXT	R27, R30, 26, 4
;__Lib_System.c, 102 :: 		
0xBFC00070	0x7F7E4984  INS	R30, R27, 6, 4
;__Lib_System.c, 103 :: 		
0xBFC00074	0x409E6002  MTC0	R30, 12, 2
;__Lib_System.c, 104 :: 		
0xBFC00078	0x41C10800  WRPGPR	GP, GP
;__Lib_System.c, 105 :: 		
0xBFC0007C	0x409C6002  MTC0	R28, 12, 2
;__Lib_System.c, 111 :: 		
0xBFC00080	0x3C02A421  LUI	R2, 42017
0xBFC00084	0x34420583  ORI	R2, R2, 1411
0xBFC00088	0x0040F00A  MOVZ	R30, R2, R0
0xBFC0008C	0x409E8000  MTC0	R30, 16, 0
;__Lib_System.c, 114 :: 		
0xBFC00090	0x0000100A  MOVZ	R2, R0, R0
0xBFC00094	0x0040F00A  MOVZ	R30, R2, R0
0xBFC00098	0x409E4800  MTC0	R30, 9, 0
;__Lib_System.c, 117 :: 		
0xBFC0009C	0x3C02FFFF  LUI	R2, 65535
0xBFC000A0	0x3442FFFF  ORI	R2, R2, 65535
0xBFC000A4	0x0040F00A  MOVZ	R30, R2, R0
0xBFC000A8	0x409E5800  MTC0	R30, 11, 0
;__Lib_System.c, 119 :: 		
0xBFC000AC	0x3C029FC0  LUI	R2, 40896
0xBFC000B0	0x34421000  ORI	R2, R2, 4096
0xBFC000B4	0x0040F00A  MOVZ	R30, R2, R0
0xBFC000B8	0x409E7801  MTC0	R30, 15, 1
;__Lib_System.c, 121 :: 		
0xBFC000BC	0x34020020  ORI	R2, R0, 32
0xBFC000C0	0x0040F00A  MOVZ	R30, R2, R0
0xBFC000C4	0x409E6001  MTC0	R30, 12, 1
;__Lib_System.c, 123 :: 		
0xBFC000C8	0x3C020400  LUI	R2, 1024
0xBFC000CC	0x0040F00A  MOVZ	R30, R2, R0
0xBFC000D0	0x409E6002  MTC0	R30, 12, 2
;__Lib_System.c, 124 :: 		
0xBFC000D4	0x0000100A  MOVZ	R2, R0, R0
0xBFC000D8	0x0040F00A  MOVZ	R30, R2, R0
0xBFC000DC	0x409E6003  MTC0	R30, 12, 3
;__Lib_System.c, 129 :: 		
0xBFC000E0	0x3C020010  LUI	R2, 16
0xBFC000E4	0x0040F00A  MOVZ	R30, R2, R0
0xBFC000E8	0x409E6000  MTC0	R30, 12, 0
;__Lib_System.c, 132 :: 		
0xBFC000EC	0x34020032  ORI	R2, R0, 50
0xBFC000F0	0x3C1EBF88  LUI	R30, 49032
0xBFC000F4	0xAFC24000  SW	R2, 16384(R30)
;__Lib_System.c, 137 :: 		
0xBFC000F8	0x34021000  ORI	R2, R0, 4096
0xBFC000FC	0x3C1EBF88  LUI	R30, 49032
0xBFC00100	0xAFC21000  SW	R2, 4096(R30)
;__Lib_System.c, 143 :: 		
0xBFC00104	0x3C020080  LUI	R2, 128
0xBFC00108	0x0040F00A  MOVZ	R30, R2, R0
0xBFC0010C	0x409E6800  MTC0	R30, 13, 0
;__Lib_System.c, 149 :: 		
0xBFC00110	0x3C1E9D00  LUI	R30, hi_addr(_main+0)
;__Lib_System.c, 150 :: 		
0xBFC00114	0x37DE0110  ORI	R30, R30, lo_addr(_main+0)
;__Lib_System.c, 152 :: 		
0xBFC00118	0x03C00008  JR	R30
;__Lib_System.c, 153 :: 		
0xBFC0011C	0x70000000  NOP	
;__Lib_System.c, 155 :: 		
L_end___BootStartUp:
0xBFC00120	0x03E00008  JR	RA
0xBFC00124	0x27BD0004  ADDIU	SP, SP, 4
; end of ___BootStartUp
___BootGenExcept:
;__Lib_System.c, 56 :: 		
0x9D0000F8	0x27BDFFFC  ADDIU	SP, SP, -4
;__Lib_System.c, 57 :: 		
L___BootGenExcept6:
;__Lib_System.c, 58 :: 		
0x9D0000FC	0x0B40003F  J	L___BootGenExcept6
0x9D000100	0x70000000  NOP	
;__Lib_System.c, 59 :: 		
L_end___BootGenExcept:
0x9D000104	0x27BD0004  ADDIU	SP, SP, 4
0x9D000108	0x42000018  ERET	
0x9D00010C	0x70000000  NOP	
; end of ___BootGenExcept
___GenExcept:
;__Lib_System.c, 61 :: 		
0x9D0000E0	0x27BDFFFC  ADDIU	SP, SP, -4
;__Lib_System.c, 62 :: 		
L___GenExcept8:
;__Lib_System.c, 63 :: 		
0x9D0000E4	0x0B400039  J	L___GenExcept8
0x9D0000E8	0x70000000  NOP	
;__Lib_System.c, 64 :: 		
L_end___GenExcept:
0x9D0000EC	0x27BD0004  ADDIU	SP, SP, 4
0x9D0000F0	0x42000018  ERET	
0x9D0000F4	0x70000000  NOP	
; end of ___GenExcept
Symbol List:
//** Routines locations **
//ADDRESS    SIZE    PROCEDURE
//----------------------------------------------
0x9D000000      [32]    _Delay_500us
0x9D000020      [32]    ___CC2DW
0x9D000040     [160]    _Button
0x9D0000E0      [24]    ___GenExcept
0x9D0000F8      [24]    ___BootGenExcept
0x9D000110     [372]    _main
0xBFC00000     [296]    ___BootStartUp
//** Variables locations ** 
//ADDRESS    SIZE    VARIABLE
//----------------------------------------------
0xA0000000       [1]    _toggleBtn_Oldstate
